<?xml version="1.0" encoding="UTF-8"?>
<testsuite xmlns:xsi="http://www.w3.org/2001/XMLSchema-instance" xsi:noNamespaceSchemaLocation="https://maven.apache.org/surefire/maven-surefire-plugin/xsd/surefire-test-report-3.0.xsd" version="3.0" name="service.BritishSpokenTimeServiceTest" time="0.175" tests="10" errors="0" skipped="0" failures="0">
  <properties>
[...]
</properties>
  <testcase name="testTwentyFiveTo" classname="service.BritishSpokenTimeServiceTest" time="0.088"/>
  <testcase name="testInvalidHour" classname="service.BritishSpokenTimeServiceTest" time="0.009"/>
  <testcase name="testNoon" classname="service.BritishSpokenTimeServiceTest" time="0.002"/>
  <testcase name="testMidnight" classname="service.BritishSpokenTimeServiceTest" time="0.002"/>
  <testcase name="testInvalidMinutes" classname="service.BritishSpokenTimeServiceTest" time="0.003"/>
  <testcase name="testQuarterTo" classname="service.BritishSpokenTimeServiceTest" time="0.001"/>
  <testcase name="testHalfPast" classname="service.BritishSpokenTimeServiceTest" time="0.001"/>
  <testcase name="testMinutesToHour" classname="service.BritishSpokenTimeServiceTest" time="0.001"/>
  <testcase name="testQuarterPast" classname="service.BritishSpokenTimeServiceTest" time="0.001"/>
  <testcase name="testOClock" classname="service.BritishSpokenTimeServiceTest" time="0.002"/>
</testsuite>